This is pdfTeX, Version 3.141592653-2.6-1.40.22 (TeX Live 2021) (preloaded format=pdflatex 2022.4.2)  1 DEC 2022 11:27
entering extended mode
 restricted \write18 enabled.
 %&-line parsing enabled.
**simple_dag.tex
(./simple_dag.tex
LaTeX2e <2020-10-01> patch level 4
L3 programming layer <2021-02-18>
(/CHBS/apps/EB/software/texlive/20210325-GCCcore-8.2.0/texmf-dist/tex/latex/sta
ndalone/standalone.cls
Document Class: standalone 2018/03/26 v1.3a Class to compile TeX sub-files stan
dalone

(/CHBS/apps/EB/software/texlive/20210325-GCCcore-8.2.0/texmf-dist/tex/latex/too
ls/shellesc.sty
Package: shellesc 2019/11/08 v1.0c unified shell escape interface for LaTeX
Package shellesc Info: Restricted shell escape enabled on input line 77.
)
(/CHBS/apps/EB/software/texlive/20210325-GCCcore-8.2.0/texmf-dist/tex/generic/i
ftex/ifluatex.sty
Package: ifluatex 2019/10/25 v1.5 ifluatex legacy package. Use iftex instead.

(/CHBS/apps/EB/software/texlive/20210325-GCCcore-8.2.0/texmf-dist/tex/generic/i
ftex/iftex.sty
Package: iftex 2020/03/06 v1.0d TeX engine tests
))
(/CHBS/apps/EB/software/texlive/20210325-GCCcore-8.2.0/texmf-dist/tex/latex/xke
yval/xkeyval.sty
Package: xkeyval 2020/11/20 v2.8 package option processing (HA)

(/CHBS/apps/EB/software/texlive/20210325-GCCcore-8.2.0/texmf-dist/tex/generic/x
keyval/xkeyval.tex
(/CHBS/apps/EB/software/texlive/20210325-GCCcore-8.2.0/texmf-dist/tex/generic/x
keyval/xkvutils.tex
\XKV@toks=\toks15
\XKV@tempa@toks=\toks16

(/CHBS/apps/EB/software/texlive/20210325-GCCcore-8.2.0/texmf-dist/tex/generic/x
keyval/keyval.tex))
\XKV@depth=\count179
File: xkeyval.tex 2014/12/03 v2.7a key=value parser (HA)
))
\sa@internal=\count180
\c@sapage=\count181

(/CHBS/apps/EB/software/texlive/20210325-GCCcore-8.2.0/texmf-dist/tex/latex/sta
ndalone/standalone.cfg
File: standalone.cfg 2018/03/26 v1.3a Default configuration file for 'standalon
e' class
)
(/CHBS/apps/EB/software/texlive/20210325-GCCcore-8.2.0/texmf-dist/tex/latex/bas
e/article.cls
Document Class: article 2020/04/10 v1.4m Standard LaTeX document class

(/CHBS/apps/EB/software/texlive/20210325-GCCcore-8.2.0/texmf-dist/tex/latex/bas
e/size10.clo
File: size10.clo 2020/04/10 v1.4m Standard LaTeX file (size option)
)
\c@part=\count182
\c@section=\count183
\c@subsection=\count184
\c@subsubsection=\count185
\c@paragraph=\count186
\c@subparagraph=\count187
\c@figure=\count188
\c@table=\count189
\abovecaptionskip=\skip47
\belowcaptionskip=\skip48
\bibindent=\dimen138
)
(/CHBS/apps/EB/software/texlive/20210325-GCCcore-8.2.0/texmf-dist/tex/latex/pgf
/frontendlayer/tikz.sty
(/CHBS/apps/EB/software/texlive/20210325-GCCcore-8.2.0/texmf-dist/tex/latex/pgf
/basiclayer/pgf.sty
(/CHBS/apps/EB/software/texlive/20210325-GCCcore-8.2.0/texmf-dist/tex/latex/pgf
/utilities/pgfrcs.sty
(/CHBS/apps/EB/software/texlive/20210325-GCCcore-8.2.0/texmf-dist/tex/generic/p
gf/utilities/pgfutil-common.tex
\pgfutil@everybye=\toks17
\pgfutil@tempdima=\dimen139
\pgfutil@tempdimb=\dimen140

(/CHBS/apps/EB/software/texlive/20210325-GCCcore-8.2.0/texmf-dist/tex/generic/p
gf/utilities/pgfutil-common-lists.tex))
(/CHBS/apps/EB/software/texlive/20210325-GCCcore-8.2.0/texmf-dist/tex/generic/p
gf/utilities/pgfutil-latex.def
\pgfutil@abb=\box47
)
(/CHBS/apps/EB/software/texlive/20210325-GCCcore-8.2.0/texmf-dist/tex/generic/p
gf/utilities/pgfrcs.code.tex
(/CHBS/apps/EB/software/texlive/20210325-GCCcore-8.2.0/texmf-dist/tex/generic/p
gf/pgf.revision.tex)
Package: pgfrcs 2020/12/27 v3.1.8b (3.1.8b)
))
Package: pgf 2020/12/27 v3.1.8b (3.1.8b)

(/CHBS/apps/EB/software/texlive/20210325-GCCcore-8.2.0/texmf-dist/tex/latex/pgf
/basiclayer/pgfcore.sty
(/CHBS/apps/EB/software/texlive/20210325-GCCcore-8.2.0/texmf-dist/tex/latex/gra
phics/graphicx.sty
Package: graphicx 2020/09/09 v1.2b Enhanced LaTeX Graphics (DPC,SPQR)

(/CHBS/apps/EB/software/texlive/20210325-GCCcore-8.2.0/texmf-dist/tex/latex/gra
phics/graphics.sty
Package: graphics 2020/08/30 v1.4c Standard LaTeX Graphics (DPC,SPQR)

(/CHBS/apps/EB/software/texlive/20210325-GCCcore-8.2.0/texmf-dist/tex/latex/gra
phics/trig.sty
Package: trig 2016/01/03 v1.10 sin cos tan (DPC)
)
(/CHBS/apps/EB/software/texlive/20210325-GCCcore-8.2.0/texmf-dist/tex/latex/gra
phics-cfg/graphics.cfg
File: graphics.cfg 2016/06/04 v1.11 sample graphics configuration
)
Package graphics Info: Driver file: pdftex.def on input line 105.

(/CHBS/apps/EB/software/texlive/20210325-GCCcore-8.2.0/texmf-dist/tex/latex/gra
phics-def/pdftex.def
File: pdftex.def 2020/10/05 v1.2a Graphics/color driver for pdftex
))
\Gin@req@height=\dimen141
\Gin@req@width=\dimen142
)
(/CHBS/apps/EB/software/texlive/20210325-GCCcore-8.2.0/texmf-dist/tex/latex/pgf
/systemlayer/pgfsys.sty
(/CHBS/apps/EB/software/texlive/20210325-GCCcore-8.2.0/texmf-dist/tex/generic/p
gf/systemlayer/pgfsys.code.tex
Package: pgfsys 2020/12/27 v3.1.8b (3.1.8b)

(/CHBS/apps/EB/software/texlive/20210325-GCCcore-8.2.0/texmf-dist/tex/generic/p
gf/utilities/pgfkeys.code.tex
\pgfkeys@pathtoks=\toks18
\pgfkeys@temptoks=\toks19

(/CHBS/apps/EB/software/texlive/20210325-GCCcore-8.2.0/texmf-dist/tex/generic/p
gf/utilities/pgfkeysfiltered.code.tex
\pgfkeys@tmptoks=\toks20
))
\pgf@x=\dimen143
\pgf@y=\dimen144
\pgf@xa=\dimen145
\pgf@ya=\dimen146
\pgf@xb=\dimen147
\pgf@yb=\dimen148
\pgf@xc=\dimen149
\pgf@yc=\dimen150
\pgf@xd=\dimen151
\pgf@yd=\dimen152
\w@pgf@writea=\write3
\r@pgf@reada=\read2
\c@pgf@counta=\count190
\c@pgf@countb=\count191
\c@pgf@countc=\count192
\c@pgf@countd=\count193
\t@pgf@toka=\toks21
\t@pgf@tokb=\toks22
\t@pgf@tokc=\toks23
\pgf@sys@id@count=\count194

(/CHBS/apps/EB/software/texlive/20210325-GCCcore-8.2.0/texmf-dist/tex/generic/p
gf/systemlayer/pgf.cfg
File: pgf.cfg 2020/12/27 v3.1.8b (3.1.8b)
)
Driver file for pgf: pgfsys-pdftex.def

(/CHBS/apps/EB/software/texlive/20210325-GCCcore-8.2.0/texmf-dist/tex/generic/p
gf/systemlayer/pgfsys-pdftex.def
File: pgfsys-pdftex.def 2020/12/27 v3.1.8b (3.1.8b)

(/CHBS/apps/EB/software/texlive/20210325-GCCcore-8.2.0/texmf-dist/tex/generic/p
gf/systemlayer/pgfsys-common-pdf.def
File: pgfsys-common-pdf.def 2020/12/27 v3.1.8b (3.1.8b)
)))
(/CHBS/apps/EB/software/texlive/20210325-GCCcore-8.2.0/texmf-dist/tex/generic/p
gf/systemlayer/pgfsyssoftpath.code.tex
File: pgfsyssoftpath.code.tex 2020/12/27 v3.1.8b (3.1.8b)
\pgfsyssoftpath@smallbuffer@items=\count195
\pgfsyssoftpath@bigbuffer@items=\count196
)
(/CHBS/apps/EB/software/texlive/20210325-GCCcore-8.2.0/texmf-dist/tex/generic/p
gf/systemlayer/pgfsysprotocol.code.tex
File: pgfsysprotocol.code.tex 2020/12/27 v3.1.8b (3.1.8b)
))
(/CHBS/apps/EB/software/texlive/20210325-GCCcore-8.2.0/texmf-dist/tex/latex/xco
lor/xcolor.sty
Package: xcolor 2016/05/11 v2.12 LaTeX color extensions (UK)

(/CHBS/apps/EB/software/texlive/20210325-GCCcore-8.2.0/texmf-dist/tex/latex/gra
phics-cfg/color.cfg
File: color.cfg 2016/01/02 v1.6 sample color configuration
)
Package xcolor Info: Driver file: pdftex.def on input line 225.
Package xcolor Info: Model `cmy' substituted by `cmy0' on input line 1348.
Package xcolor Info: Model `hsb' substituted by `rgb' on input line 1352.
Package xcolor Info: Model `RGB' extended on input line 1364.
Package xcolor Info: Model `HTML' substituted by `rgb' on input line 1366.
Package xcolor Info: Model `Hsb' substituted by `hsb' on input line 1367.
Package xcolor Info: Model `tHsb' substituted by `hsb' on input line 1368.
Package xcolor Info: Model `HSB' substituted by `hsb' on input line 1369.
Package xcolor Info: Model `Gray' substituted by `gray' on input line 1370.
Package xcolor Info: Model `wave' substituted by `hsb' on input line 1371.
)
(/CHBS/apps/EB/software/texlive/20210325-GCCcore-8.2.0/texmf-dist/tex/generic/p
gf/basiclayer/pgfcore.code.tex
Package: pgfcore 2020/12/27 v3.1.8b (3.1.8b)

(/CHBS/apps/EB/software/texlive/20210325-GCCcore-8.2.0/texmf-dist/tex/generic/p
gf/math/pgfmath.code.tex
(/CHBS/apps/EB/software/texlive/20210325-GCCcore-8.2.0/texmf-dist/tex/generic/p
gf/math/pgfmathcalc.code.tex
(/CHBS/apps/EB/software/texlive/20210325-GCCcore-8.2.0/texmf-dist/tex/generic/p
gf/math/pgfmathutil.code.tex)
(/CHBS/apps/EB/software/texlive/20210325-GCCcore-8.2.0/texmf-dist/tex/generic/p
gf/math/pgfmathparser.code.tex
\pgfmath@dimen=\dimen153
\pgfmath@count=\count197
\pgfmath@box=\box48
\pgfmath@toks=\toks24
\pgfmath@stack@operand=\toks25
\pgfmath@stack@operation=\toks26
)
(/CHBS/apps/EB/software/texlive/20210325-GCCcore-8.2.0/texmf-dist/tex/generic/p
gf/math/pgfmathfunctions.code.tex
(/CHBS/apps/EB/software/texlive/20210325-GCCcore-8.2.0/texmf-dist/tex/generic/p
gf/math/pgfmathfunctions.basic.code.tex)
(/CHBS/apps/EB/software/texlive/20210325-GCCcore-8.2.0/texmf-dist/tex/generic/p
gf/math/pgfmathfunctions.trigonometric.code.tex)
(/CHBS/apps/EB/software/texlive/20210325-GCCcore-8.2.0/texmf-dist/tex/generic/p
gf/math/pgfmathfunctions.random.code.tex)
(/CHBS/apps/EB/software/texlive/20210325-GCCcore-8.2.0/texmf-dist/tex/generic/p
gf/math/pgfmathfunctions.comparison.code.tex)
(/CHBS/apps/EB/software/texlive/20210325-GCCcore-8.2.0/texmf-dist/tex/generic/p
gf/math/pgfmathfunctions.base.code.tex)
(/CHBS/apps/EB/software/texlive/20210325-GCCcore-8.2.0/texmf-dist/tex/generic/p
gf/math/pgfmathfunctions.round.code.tex)
(/CHBS/apps/EB/software/texlive/20210325-GCCcore-8.2.0/texmf-dist/tex/generic/p
gf/math/pgfmathfunctions.misc.code.tex)
(/CHBS/apps/EB/software/texlive/20210325-GCCcore-8.2.0/texmf-dist/tex/generic/p
gf/math/pgfmathfunctions.integerarithmetics.code.tex)))
(/CHBS/apps/EB/software/texlive/20210325-GCCcore-8.2.0/texmf-dist/tex/generic/p
gf/math/pgfmathfloat.code.tex
\c@pgfmathroundto@lastzeros=\count198
))
(/CHBS/apps/EB/software/texlive/20210325-GCCcore-8.2.0/texmf-dist/tex/generic/p
gf/math/pgfint.code.tex)
(/CHBS/apps/EB/software/texlive/20210325-GCCcore-8.2.0/texmf-dist/tex/generic/p
gf/basiclayer/pgfcorepoints.code.tex
File: pgfcorepoints.code.tex 2020/12/27 v3.1.8b (3.1.8b)
\pgf@picminx=\dimen154
\pgf@picmaxx=\dimen155
\pgf@picminy=\dimen156
\pgf@picmaxy=\dimen157
\pgf@pathminx=\dimen158
\pgf@pathmaxx=\dimen159
\pgf@pathminy=\dimen160
\pgf@pathmaxy=\dimen161
\pgf@xx=\dimen162
\pgf@xy=\dimen163
\pgf@yx=\dimen164
\pgf@yy=\dimen165
\pgf@zx=\dimen166
\pgf@zy=\dimen167
)
(/CHBS/apps/EB/software/texlive/20210325-GCCcore-8.2.0/texmf-dist/tex/generic/p
gf/basiclayer/pgfcorepathconstruct.code.tex
File: pgfcorepathconstruct.code.tex 2020/12/27 v3.1.8b (3.1.8b)
\pgf@path@lastx=\dimen168
\pgf@path@lasty=\dimen169
)
(/CHBS/apps/EB/software/texlive/20210325-GCCcore-8.2.0/texmf-dist/tex/generic/p
gf/basiclayer/pgfcorepathusage.code.tex
File: pgfcorepathusage.code.tex 2020/12/27 v3.1.8b (3.1.8b)
\pgf@shorten@end@additional=\dimen170
\pgf@shorten@start@additional=\dimen171
)
(/CHBS/apps/EB/software/texlive/20210325-GCCcore-8.2.0/texmf-dist/tex/generic/p
gf/basiclayer/pgfcorescopes.code.tex
File: pgfcorescopes.code.tex 2020/12/27 v3.1.8b (3.1.8b)
\pgfpic=\box49
\pgf@hbox=\box50
\pgf@layerbox@main=\box51
\pgf@picture@serial@count=\count199
)
(/CHBS/apps/EB/software/texlive/20210325-GCCcore-8.2.0/texmf-dist/tex/generic/p
gf/basiclayer/pgfcoregraphicstate.code.tex
File: pgfcoregraphicstate.code.tex 2020/12/27 v3.1.8b (3.1.8b)
\pgflinewidth=\dimen172
)
(/CHBS/apps/EB/software/texlive/20210325-GCCcore-8.2.0/texmf-dist/tex/generic/p
gf/basiclayer/pgfcoretransformations.code.tex
File: pgfcoretransformations.code.tex 2020/12/27 v3.1.8b (3.1.8b)
\pgf@pt@x=\dimen173
\pgf@pt@y=\dimen174
\pgf@pt@temp=\dimen175
)
(/CHBS/apps/EB/software/texlive/20210325-GCCcore-8.2.0/texmf-dist/tex/generic/p
gf/basiclayer/pgfcorequick.code.tex
File: pgfcorequick.code.tex 2020/12/27 v3.1.8b (3.1.8b)
)
(/CHBS/apps/EB/software/texlive/20210325-GCCcore-8.2.0/texmf-dist/tex/generic/p
gf/basiclayer/pgfcoreobjects.code.tex
File: pgfcoreobjects.code.tex 2020/12/27 v3.1.8b (3.1.8b)
)
(/CHBS/apps/EB/software/texlive/20210325-GCCcore-8.2.0/texmf-dist/tex/generic/p
gf/basiclayer/pgfcorepathprocessing.code.tex
File: pgfcorepathprocessing.code.tex 2020/12/27 v3.1.8b (3.1.8b)
)
(/CHBS/apps/EB/software/texlive/20210325-GCCcore-8.2.0/texmf-dist/tex/generic/p
gf/basiclayer/pgfcorearrows.code.tex
File: pgfcorearrows.code.tex 2020/12/27 v3.1.8b (3.1.8b)
\pgfarrowsep=\dimen176
)
(/CHBS/apps/EB/software/texlive/20210325-GCCcore-8.2.0/texmf-dist/tex/generic/p
gf/basiclayer/pgfcoreshade.code.tex
File: pgfcoreshade.code.tex 2020/12/27 v3.1.8b (3.1.8b)
\pgf@max=\dimen177
\pgf@sys@shading@range@num=\count266
\pgf@shadingcount=\count267
)
(/CHBS/apps/EB/software/texlive/20210325-GCCcore-8.2.0/texmf-dist/tex/generic/p
gf/basiclayer/pgfcoreimage.code.tex
File: pgfcoreimage.code.tex 2020/12/27 v3.1.8b (3.1.8b)

(/CHBS/apps/EB/software/texlive/20210325-GCCcore-8.2.0/texmf-dist/tex/generic/p
gf/basiclayer/pgfcoreexternal.code.tex
File: pgfcoreexternal.code.tex 2020/12/27 v3.1.8b (3.1.8b)
\pgfexternal@startupbox=\box52
))
(/CHBS/apps/EB/software/texlive/20210325-GCCcore-8.2.0/texmf-dist/tex/generic/p
gf/basiclayer/pgfcorelayers.code.tex
File: pgfcorelayers.code.tex 2020/12/27 v3.1.8b (3.1.8b)
)
(/CHBS/apps/EB/software/texlive/20210325-GCCcore-8.2.0/texmf-dist/tex/generic/p
gf/basiclayer/pgfcoretransparency.code.tex
File: pgfcoretransparency.code.tex 2020/12/27 v3.1.8b (3.1.8b)
)
(/CHBS/apps/EB/software/texlive/20210325-GCCcore-8.2.0/texmf-dist/tex/generic/p
gf/basiclayer/pgfcorepatterns.code.tex
File: pgfcorepatterns.code.tex 2020/12/27 v3.1.8b (3.1.8b)
)
(/CHBS/apps/EB/software/texlive/20210325-GCCcore-8.2.0/texmf-dist/tex/generic/p
gf/basiclayer/pgfcorerdf.code.tex
File: pgfcorerdf.code.tex 2020/12/27 v3.1.8b (3.1.8b)
)))
(/CHBS/apps/EB/software/texlive/20210325-GCCcore-8.2.0/texmf-dist/tex/generic/p
gf/modules/pgfmoduleshapes.code.tex
File: pgfmoduleshapes.code.tex 2020/12/27 v3.1.8b (3.1.8b)
\pgfnodeparttextbox=\box53
)
(/CHBS/apps/EB/software/texlive/20210325-GCCcore-8.2.0/texmf-dist/tex/generic/p
gf/modules/pgfmoduleplot.code.tex
File: pgfmoduleplot.code.tex 2020/12/27 v3.1.8b (3.1.8b)
)
(/CHBS/apps/EB/software/texlive/20210325-GCCcore-8.2.0/texmf-dist/tex/latex/pgf
/compatibility/pgfcomp-version-0-65.sty
Package: pgfcomp-version-0-65 2020/12/27 v3.1.8b (3.1.8b)
\pgf@nodesepstart=\dimen178
\pgf@nodesepend=\dimen179
)
(/CHBS/apps/EB/software/texlive/20210325-GCCcore-8.2.0/texmf-dist/tex/latex/pgf
/compatibility/pgfcomp-version-1-18.sty
Package: pgfcomp-version-1-18 2020/12/27 v3.1.8b (3.1.8b)
))
(/CHBS/apps/EB/software/texlive/20210325-GCCcore-8.2.0/texmf-dist/tex/latex/pgf
/utilities/pgffor.sty
(/CHBS/apps/EB/software/texlive/20210325-GCCcore-8.2.0/texmf-dist/tex/latex/pgf
/utilities/pgfkeys.sty
(/CHBS/apps/EB/software/texlive/20210325-GCCcore-8.2.0/texmf-dist/tex/generic/p
gf/utilities/pgfkeys.code.tex))
(/CHBS/apps/EB/software/texlive/20210325-GCCcore-8.2.0/texmf-dist/tex/latex/pgf
/math/pgfmath.sty
(/CHBS/apps/EB/software/texlive/20210325-GCCcore-8.2.0/texmf-dist/tex/generic/p
gf/math/pgfmath.code.tex))
(/CHBS/apps/EB/software/texlive/20210325-GCCcore-8.2.0/texmf-dist/tex/generic/p
gf/utilities/pgffor.code.tex
Package: pgffor 2020/12/27 v3.1.8b (3.1.8b)

(/CHBS/apps/EB/software/texlive/20210325-GCCcore-8.2.0/texmf-dist/tex/generic/p
gf/math/pgfmath.code.tex)
\pgffor@iter=\dimen180
\pgffor@skip=\dimen181
\pgffor@stack=\toks27
\pgffor@toks=\toks28
))
(/CHBS/apps/EB/software/texlive/20210325-GCCcore-8.2.0/texmf-dist/tex/generic/p
gf/frontendlayer/tikz/tikz.code.tex
Package: tikz 2020/12/27 v3.1.8b (3.1.8b)

(/CHBS/apps/EB/software/texlive/20210325-GCCcore-8.2.0/texmf-dist/tex/generic/p
gf/libraries/pgflibraryplothandlers.code.tex
File: pgflibraryplothandlers.code.tex 2020/12/27 v3.1.8b (3.1.8b)
\pgf@plot@mark@count=\count268
\pgfplotmarksize=\dimen182
)
\tikz@lastx=\dimen183
\tikz@lasty=\dimen184
\tikz@lastxsaved=\dimen185
\tikz@lastysaved=\dimen186
\tikz@lastmovetox=\dimen187
\tikz@lastmovetoy=\dimen188
\tikzleveldistance=\dimen189
\tikzsiblingdistance=\dimen190
\tikz@figbox=\box54
\tikz@figbox@bg=\box55
\tikz@tempbox=\box56
\tikz@tempbox@bg=\box57
\tikztreelevel=\count269
\tikznumberofchildren=\count270
\tikznumberofcurrentchild=\count271
\tikz@fig@count=\count272

(/CHBS/apps/EB/software/texlive/20210325-GCCcore-8.2.0/texmf-dist/tex/generic/p
gf/modules/pgfmodulematrix.code.tex
File: pgfmodulematrix.code.tex 2020/12/27 v3.1.8b (3.1.8b)
\pgfmatrixcurrentrow=\count273
\pgfmatrixcurrentcolumn=\count274
\pgf@matrix@numberofcolumns=\count275
)
\tikz@expandcount=\count276

(/CHBS/apps/EB/software/texlive/20210325-GCCcore-8.2.0/texmf-dist/tex/generic/p
gf/frontendlayer/tikz/libraries/tikzlibrarytopaths.code.tex
File: tikzlibrarytopaths.code.tex 2020/12/27 v3.1.8b (3.1.8b)
)))
\sa@box=\box58
)
(/CHBS/apps/EB/software/texlive/20210325-GCCcore-8.2.0/texmf-dist/tex/latex/ams
cls/amsthm.sty
Package: amsthm 2020/05/29 v2.20.6
\thm@style=\toks29
\thm@bodyfont=\toks30
\thm@headfont=\toks31
\thm@notefont=\toks32
\thm@headpunct=\toks33
\thm@preskip=\skip49
\thm@postskip=\skip50
\thm@headsep=\skip51
\dth@everypar=\toks34
)
(/CHBS/apps/EB/software/texlive/20210325-GCCcore-8.2.0/texmf-dist/tex/latex/ams
math/amsmath.sty
Package: amsmath 2020/09/23 v2.17i AMS math features
\@mathmargin=\skip52

For additional information on amsmath, use the `?' option.

(/CHBS/apps/EB/software/texlive/20210325-GCCcore-8.2.0/texmf-dist/tex/latex/ams
math/amstext.sty
Package: amstext 2000/06/29 v2.01 AMS text

(/CHBS/apps/EB/software/texlive/20210325-GCCcore-8.2.0/texmf-dist/tex/latex/ams
math/amsgen.sty
File: amsgen.sty 1999/11/30 v2.0 generic functions
\@emptytoks=\toks35
\ex@=\dimen191
))
(/CHBS/apps/EB/software/texlive/20210325-GCCcore-8.2.0/texmf-dist/tex/latex/ams
math/amsbsy.sty
Package: amsbsy 1999/11/29 v1.2d Bold Symbols
\pmbraise@=\dimen192
)
(/CHBS/apps/EB/software/texlive/20210325-GCCcore-8.2.0/texmf-dist/tex/latex/ams
math/amsopn.sty
Package: amsopn 2016/03/08 v2.02 operator names
)
\inf@bad=\count277
LaTeX Info: Redefining \frac on input line 234.
\uproot@=\count278
\leftroot@=\count279
LaTeX Info: Redefining \overline on input line 399.
\classnum@=\count280
\DOTSCASE@=\count281
LaTeX Info: Redefining \ldots on input line 496.
LaTeX Info: Redefining \dots on input line 499.
LaTeX Info: Redefining \cdots on input line 620.
\Mathstrutbox@=\box59
\strutbox@=\box60
\big@size=\dimen193
LaTeX Font Info:    Redeclaring font encoding OML on input line 743.
LaTeX Font Info:    Redeclaring font encoding OMS on input line 744.
\macc@depth=\count282
\c@MaxMatrixCols=\count283
\dotsspace@=\muskip16
\c@parentequation=\count284
\dspbrk@lvl=\count285
\tag@help=\toks36
\row@=\count286
\column@=\count287
\maxfields@=\count288
\andhelp@=\toks37
\eqnshift@=\dimen194
\alignsep@=\dimen195
\tagshift@=\dimen196
\tagwidth@=\dimen197
\totwidth@=\dimen198
\lineht@=\dimen199
\@envbody=\toks38
\multlinegap=\skip53
\multlinetaggap=\skip54
\mathdisplay@stack=\toks39
LaTeX Info: Redefining \[ on input line 2923.
LaTeX Info: Redefining \] on input line 2924.
)
(/CHBS/apps/EB/software/texlive/20210325-GCCcore-8.2.0/texmf-dist/tex/latex/ams
fonts/amsfonts.sty
Package: amsfonts 2013/01/14 v3.01 Basic AMSFonts support
\symAMSa=\mathgroup4
\symAMSb=\mathgroup5
LaTeX Font Info:    Redeclaring math symbol \hbar on input line 98.
LaTeX Font Info:    Overwriting math alphabet `\mathfrak' in version `bold'
(Font)                  U/euf/m/n --> U/euf/b/n on input line 106.
)
(/CHBS/apps/EB/software/texlive/20210325-GCCcore-8.2.0/texmf-dist/tex/generic/p
gf/frontendlayer/tikz/libraries/tikzlibraryshapes.code.tex
File: tikzlibraryshapes.code.tex 2020/12/27 v3.1.8b (3.1.8b)

(/CHBS/apps/EB/software/texlive/20210325-GCCcore-8.2.0/texmf-dist/tex/generic/p
gf/frontendlayer/tikz/libraries/tikzlibraryshapes.geometric.code.tex
File: tikzlibraryshapes.geometric.code.tex 2020/12/27 v3.1.8b (3.1.8b)

(/CHBS/apps/EB/software/texlive/20210325-GCCcore-8.2.0/texmf-dist/tex/generic/p
gf/libraries/shapes/pgflibraryshapes.geometric.code.tex
File: pgflibraryshapes.geometric.code.tex 2020/12/27 v3.1.8b (3.1.8b)
))
(/CHBS/apps/EB/software/texlive/20210325-GCCcore-8.2.0/texmf-dist/tex/generic/p
gf/frontendlayer/tikz/libraries/tikzlibraryshapes.misc.code.tex
File: tikzlibraryshapes.misc.code.tex 2020/12/27 v3.1.8b (3.1.8b)

(/CHBS/apps/EB/software/texlive/20210325-GCCcore-8.2.0/texmf-dist/tex/generic/p
gf/libraries/shapes/pgflibraryshapes.misc.code.tex
File: pgflibraryshapes.misc.code.tex 2020/12/27 v3.1.8b (3.1.8b)
))
(/CHBS/apps/EB/software/texlive/20210325-GCCcore-8.2.0/texmf-dist/tex/generic/p
gf/frontendlayer/tikz/libraries/tikzlibraryshapes.symbols.code.tex
File: tikzlibraryshapes.symbols.code.tex 2020/12/27 v3.1.8b (3.1.8b)

(/CHBS/apps/EB/software/texlive/20210325-GCCcore-8.2.0/texmf-dist/tex/generic/p
gf/libraries/shapes/pgflibraryshapes.symbols.code.tex
File: pgflibraryshapes.symbols.code.tex 2020/12/27 v3.1.8b (3.1.8b)
))
(/CHBS/apps/EB/software/texlive/20210325-GCCcore-8.2.0/texmf-dist/tex/generic/p
gf/frontendlayer/tikz/libraries/tikzlibraryshapes.arrows.code.tex
File: tikzlibraryshapes.arrows.code.tex 2020/12/27 v3.1.8b (3.1.8b)

(/CHBS/apps/EB/software/texlive/20210325-GCCcore-8.2.0/texmf-dist/tex/generic/p
gf/libraries/shapes/pgflibraryshapes.arrows.code.tex
File: pgflibraryshapes.arrows.code.tex 2020/12/27 v3.1.8b (3.1.8b)
))
(/CHBS/apps/EB/software/texlive/20210325-GCCcore-8.2.0/texmf-dist/tex/generic/p
gf/frontendlayer/tikz/libraries/tikzlibraryshapes.callouts.code.tex
(/CHBS/apps/EB/software/texlive/20210325-GCCcore-8.2.0/texmf-dist/tex/generic/p
gf/libraries/shapes/pgflibraryshapes.callouts.code.tex))
(/CHBS/apps/EB/software/texlive/20210325-GCCcore-8.2.0/texmf-dist/tex/generic/p
gf/frontendlayer/tikz/libraries/tikzlibraryshapes.multipart.code.tex
File: tikzlibraryshapes.multipart.code.tex 2020/12/27 v3.1.8b (3.1.8b)

(/CHBS/apps/EB/software/texlive/20210325-GCCcore-8.2.0/texmf-dist/tex/generic/p
gf/libraries/shapes/pgflibraryshapes.multipart.code.tex
File: pgflibraryshapes.multipart.code.tex 2020/12/27 v3.1.8b (3.1.8b)
\pgfnodepartlowerbox=\box61
\pgfnodeparttwobox=\box62
\pgfnodepartthreebox=\box63
\pgfnodepartfourbox=\box64
\pgfnodeparttwentybox=\box65
\pgfnodepartnineteenbox=\box66
\pgfnodeparteighteenbox=\box67
\pgfnodepartseventeenbox=\box68
\pgfnodepartsixteenbox=\box69
\pgfnodepartfifteenbox=\box70
\pgfnodepartfourteenbox=\box71
\pgfnodepartthirteenbox=\box72
\pgfnodeparttwelvebox=\box73
\pgfnodepartelevenbox=\box74
\pgfnodeparttenbox=\box75
\pgfnodepartninebox=\box76
\pgfnodeparteightbox=\box77
\pgfnodepartsevenbox=\box78
\pgfnodepartsixbox=\box79
\pgfnodepartfivebox=\box80
)))
(/CHBS/apps/EB/software/texlive/20210325-GCCcore-8.2.0/texmf-dist/tex/generic/p
gf/frontendlayer/tikz/libraries/tikzlibrarydecorations.code.tex
(/CHBS/apps/EB/software/texlive/20210325-GCCcore-8.2.0/texmf-dist/tex/generic/p
gf/modules/pgfmoduledecorations.code.tex
\pgfdecoratedcompleteddistance=\dimen256
\pgfdecoratedremainingdistance=\dimen257
\pgfdecoratedinputsegmentcompleteddistance=\dimen258
\pgfdecoratedinputsegmentremainingdistance=\dimen259
\pgf@decorate@distancetomove=\dimen260
\pgf@decorate@repeatstate=\count289
\pgfdecorationsegmentamplitude=\dimen261
\pgfdecorationsegmentlength=\dimen262
)
\tikz@lib@dec@box=\box81
)
(/CHBS/apps/EB/software/texlive/20210325-GCCcore-8.2.0/texmf-dist/tex/generic/p
gf/frontendlayer/tikz/libraries/tikzlibraryarrows.code.tex
File: tikzlibraryarrows.code.tex 2020/12/27 v3.1.8b (3.1.8b)

(/CHBS/apps/EB/software/texlive/20210325-GCCcore-8.2.0/texmf-dist/tex/generic/p
gf/libraries/pgflibraryarrows.code.tex
File: pgflibraryarrows.code.tex 2020/12/27 v3.1.8b (3.1.8b)
\arrowsize=\dimen263
))
(/CHBS/apps/EB/software/texlive/20210325-GCCcore-8.2.0/texmf-dist/tex/generic/p
gf/frontendlayer/tikz/libraries/tikzlibrarycalc.code.tex
File: tikzlibrarycalc.code.tex 2020/12/27 v3.1.8b (3.1.8b)
)
(/CHBS/apps/EB/software/texlive/20210325-GCCcore-8.2.0/texmf-dist/tex/generic/p
gf/libraries/pgflibraryarrows.meta.code.tex
File: pgflibraryarrows.meta.code.tex 2020/12/27 v3.1.8b (3.1.8b)
\pgfarrowinset=\dimen264
\pgfarrowlength=\dimen265
\pgfarrowwidth=\dimen266
\pgfarrowlinewidth=\dimen267
)
(/CHBS/apps/EB/software/texlive/20210325-GCCcore-8.2.0/texmf-dist/tex/generic/p
gf/frontendlayer/tikz/libraries/tikzlibraryfit.code.tex
File: tikzlibraryfit.code.tex 2020/12/27 v3.1.8b (3.1.8b)
)
(/CHBS/apps/EB/software/texlive/20210325-GCCcore-8.2.0/texmf-dist/tex/generic/p
gf/frontendlayer/tikz/libraries/tikzlibrarypositioning.code.tex
File: tikzlibrarypositioning.code.tex 2020/12/27 v3.1.8b (3.1.8b)
)
(/CHBS/apps/EB/software/texlive/20210325-GCCcore-8.2.0/texmf-dist/tex/latex/l3b
ackend/l3backend-pdftex.def
File: l3backend-pdftex.def 2021-03-18 L3 backend support: PDF output (pdfTeX)
\l__color_backend_stack_int=\count290
\l__pdf_internal_box=\box82
) (./simple_dag.aux)
\openout1 = `simple_dag.aux'.

LaTeX Font Info:    Checking defaults for OML/cmm/m/it on input line 11.
LaTeX Font Info:    ... okay on input line 11.
LaTeX Font Info:    Checking defaults for OMS/cmsy/m/n on input line 11.
LaTeX Font Info:    ... okay on input line 11.
LaTeX Font Info:    Checking defaults for OT1/cmr/m/n on input line 11.
LaTeX Font Info:    ... okay on input line 11.
LaTeX Font Info:    Checking defaults for T1/cmr/m/n on input line 11.
LaTeX Font Info:    ... okay on input line 11.
LaTeX Font Info:    Checking defaults for TS1/cmr/m/n on input line 11.
LaTeX Font Info:    ... okay on input line 11.
LaTeX Font Info:    Checking defaults for OMX/cmex/m/n on input line 11.
LaTeX Font Info:    ... okay on input line 11.
LaTeX Font Info:    Checking defaults for U/cmr/m/n on input line 11.
LaTeX Font Info:    ... okay on input line 11.

(/CHBS/apps/EB/software/texlive/20210325-GCCcore-8.2.0/texmf-dist/tex/context/b
ase/mkii/supp-pdf.mkii
[Loading MPS to PDF converter (version 2006.09.02).]
\scratchcounter=\count291
\scratchdimen=\dimen268
\scratchbox=\box83
\nofMPsegments=\count292
\nofMParguments=\count293
\everyMPshowfont=\toks40
\MPscratchCnt=\count294
\MPscratchDim=\dimen269
\MPnumerator=\count295
\makeMPintoPDFobject=\count296
\everyMPtoPDFconversion=\toks41
)
(/CHBS/apps/EB/software/texlive/20210325-GCCcore-8.2.0/texmf-dist/tex/latex/eps
topdf-pkg/epstopdf-base.sty
Package: epstopdf-base 2020-01-24 v2.11 Base part for package epstopdf
Package epstopdf-base Info: Redefining graphics rule for `.eps' on input line 4
85.

(/CHBS/apps/EB/software/texlive/20210325-GCCcore-8.2.0/texmf-dist/tex/latex/lat
exconfig/epstopdf-sys.cfg
File: epstopdf-sys.cfg 2010/07/13 v1.3 Configuration of (r)epstopdf for TeX Liv
e
))
LaTeX Font Info:    Trying to load font information for U+msa on input line 13.


(/CHBS/apps/EB/software/texlive/20210325-GCCcore-8.2.0/texmf-dist/tex/latex/ams
fonts/umsa.fd
File: umsa.fd 2013/01/14 v3.01 AMS symbols A
)
LaTeX Font Info:    Trying to load font information for U+msb on input line 13.


(/CHBS/apps/EB/software/texlive/20210325-GCCcore-8.2.0/texmf-dist/tex/latex/ams
fonts/umsb.fd
File: umsb.fd 2013/01/14 v3.01 AMS symbols B
) [1

{/CHBS/apps/EB/software/texlive/20210325-GCCcore-8.2.0/texmf-var/fonts/map/pdft
ex/updmap/pdftex.map}] (./simple_dag.aux) ) 
Here is how much of TeX's memory you used:
 16053 strings out of 478994
 360276 string characters out of 5843101
 640134 words of memory out of 5000000
 33243 multiletter control sequences out of 15000+600000
 405475 words of font info for 36 fonts, out of 8000000 for 9000
 1141 hyphenation exceptions out of 8191
 128i,10n,130p,431b,773s stack positions out of 5000i,500n,10000p,200000b,80000s
</CHBS/apps/EB/software/texlive/2021
0325-GCCcore-8.2.0/texmf-dist/fonts/type1/public/amsfonts/cm/cmmi10.pfb></CHBS/
apps/EB/software/texlive/20210325-GCCcore-8.2.0/texmf-dist/fonts/type1/public/a
msfonts/cm/cmr10.pfb></CHBS/apps/EB/software/texlive/20210325-GCCcore-8.2.0/tex
mf-dist/fonts/type1/public/amsfonts/cm/cmr7.pfb></CHBS/apps/EB/software/texlive
/20210325-GCCcore-8.2.0/texmf-dist/fonts/type1/public/amsfonts/cm/cmti10.pfb>
Output written on simple_dag.pdf (1 page, 33792 bytes).
PDF statistics:
 27 PDF objects out of 1000 (max. 8388607)
 19 compressed objects within 1 object stream
 0 named destinations out of 1000 (max. 500000)
 13 words of extra memory for PDF output out of 10000 (max. 10000000)

